<?xml version="1.0" encoding="UTF-8"?>
<!-- Generated by org.testng.reporters.JUnitReportReporter -->
<testsuite hostname="Charan" name="voonikusingAndroidUIAutomator.AndroidUIAutomator" tests="1" failures="0" timestamp="10 Mar 2020 11:50:23 GMT" time="49.387" errors="0">
  <testcase name="voonik" time="49.387" classname="voonikusingAndroidUIAutomator.AndroidUIAutomator"/>
</testsuite> <!-- voonikusingAndroidUIAutomator.AndroidUIAutomator -->
