<?xml version="1.0" encoding="UTF-8"?>
<!-- Generated by org.testng.reporters.JUnitReportReporter -->
<testsuite hostname="Charan" name="voonikusingAndroidUIAutomator.MoreProducts" tests="1" failures="0" timestamp="10 Mar 2020 12:32:33 GMT" time="87.432" errors="0">
  <testcase name="voonik" time="87.432" classname="voonikusingAndroidUIAutomator.MoreProducts"/>
</testsuite> <!-- voonikusingAndroidUIAutomator.MoreProducts -->
